<?xml version="1.0" encoding="utf-8"?><testsuites name="pytest tests"><testsuite name="pytest" errors="0" failures="0" skipped="0" tests="40" time="17.105" timestamp="2026-07-28T07:14:37.116880+00:00" hostname="agent-env-260b224d-60bb-4f4e-906a-bba7c15e8180"><testcase classname="tests.backend_test" name="test_root_health" time="0.157" /><testcase classname="tests.backend_test" name="test_login_company_admin_returns_token_and_cookie" time="0.329" /><testcase classname="tests.backend_test" name="test_login_invalid_credentials" time="0.323" /><testcase classname="tests.backend_test" name="test_auth_me_returns_same_user" time="0.418" /><testcase classname="tests.backend_test" name="test_auth_roles_returns_eight" time="0.098" /><testcase classname="tests.backend_test" name="test_register_new_and_duplicate" time="0.422" /><testcase classname="tests.backend_test" name="test_register_invalid_role" time="0.093" /><testcase classname="tests.backend_test" name="test_logout_clears_cookie" time="0.385" /><testcase classname="tests.backend_test" name="test_unauth_protected_endpoint_401" time="0.109" /><testcase classname="tests.backend_test" name="test_all_eight_seeded_users_can_login" time="2.617" /><testcase classname="tests.backend_test" name="test_dashboard_kpis_role_variance" time="3.392" /><testcase classname="tests.backend_test" name="test_dashboard_analytics" time="0.134" /><testcase classname="tests.backend_test" name="test_dashboard_activity_and_tasks" time="0.194" /><testcase classname="tests.backend_test" name="test_master_data" time="0.095" /><testcase classname="tests.backend_test" name="test_admin_users" time="0.097" /><testcase classname="tests.backend_test" name="test_collection_list_populated[branches]" time="0.094" /><testcase classname="tests.backend_test" name="test_collection_list_populated[roles]" time="0.095" /><testcase classname="tests.backend_test" name="test_collection_list_populated[products]" time="0.096" /><testcase classname="tests.backend_test" name="test_collection_list_populated[skus]" time="0.100" /><testcase classname="tests.backend_test" name="test_collection_list_populated[batches]" time="0.106" /><testcase classname="tests.backend_test" name="test_collection_list_populated[warehouses]" time="0.108" /><testcase classname="tests.backend_test" name="test_collection_list_populated[inventory]" time="0.104" /><testcase classname="tests.backend_test" name="test_collection_list_populated[distributors]" time="0.096" /><testcase classname="tests.backend_test" name="test_collection_list_populated[retailers]" time="0.095" /><testcase classname="tests.backend_test" name="test_collection_list_populated[customers]" time="0.106" /><testcase classname="tests.backend_test" name="test_collection_list_populated[primary-orders]" time="0.105" /><testcase classname="tests.backend_test" name="test_collection_list_populated[secondary-orders]" time="0.107" /><testcase classname="tests.backend_test" name="test_collection_list_populated[invoices]" time="0.105" /><testcase classname="tests.backend_test" name="test_collection_list_populated[dispatches]" time="0.101" /><testcase classname="tests.backend_test" name="test_collection_list_populated[grns]" time="0.124" /><testcase classname="tests.backend_test" name="test_collection_list_populated[payments]" time="0.098" /><testcase classname="tests.backend_test" name="test_collection_list_populated[ledger]" time="0.100" /><testcase classname="tests.backend_test" name="test_collection_list_populated[expenses]" time="0.096" /><testcase classname="tests.backend_test" name="test_collection_list_populated[cashback]" time="0.119" /><testcase classname="tests.backend_test" name="test_collection_list_populated[coupons]" time="0.100" /><testcase classname="tests.backend_test" name="test_collection_list_populated[approvals]" time="0.099" /><testcase classname="tests.backend_test" name="test_collection_list_populated[notifications]" time="0.099" /><testcase classname="tests.backend_test" name="test_collection_nonexistent_returns_404" time="0.098" /><testcase classname="tests.backend_test" name="test_products_crud" time="0.612" /><testcase classname="tests.backend_test" name="test_ai_ask_returns_reply" time="4.719" /></testsuite></testsuites>